🚀 AI Chronicle - Note記事収集（ツール名検索）開始
  → 対象ツール: 307件
  → カーソル位置: 51番目から開始

[1/50] Hopper（note:0件）
  → hot + like モード（現在0件）
  → APIフェッチ: sort=hot page=1
  → APIフェッチ: sort=hot page=2
  → [hot] 40件取得
  → APIフェッチ: sort=like page=1
  → APIフェッチ: sort=like page=2
  → [like] 40件取得
  → 35秒待機...

[2/50] Architecto（note:0件）
  → hot + like モード（現在0件）
  → APIフェッチ: sort=hot page=1
  → APIフェッチ: sort=hot page=2
  → [hot] 40件取得
  → APIフェッチ: sort=like page=1
  → APIフェッチ: sort=like page=2
  → [like] 40件取得
  → 35秒待機...

[3/50] Claro（note:0件）
  → hot + like モード（現在0件）
  → APIフェッチ: sort=hot page=1
  → APIフェッチ: sort=hot page=2
  → [hot] 40件取得
  → APIフェッチ: sort=like page=1
  → APIフェッチ: sort=like page=2
  → [like] 40件取得
  → 35秒待機...

[4/50] Jitera（note:0件）
  → hot + like モード（現在0件）
  → APIフェッチ: sort=hot page=1
  → APIフェッチ: sort=hot page=2
  → [hot] 40件取得
  → APIフェッチ: sort=like page=1
  → APIフェッチ: sort=like page=2
  → [like] 40件取得
  → 35秒待機...

[5/50] Ajelix（note:0件）
  → hot + like モード（現在0件）
  → APIフェッチ: sort=hot page=1
  → [hot] 2件取得
  → APIフェッチ: sort=like page=1
  → [like] 2件取得
  → 35秒待機...

[6/50] Amp （note:0件）
  → hot + like モード（現在0件）
  → APIフェッチ: sort=hot page=1
  → APIフェッチ: sort=hot page=2
  → [hot] 40件取得
  🚫 [除外] AIツール多すぎて月1万円どこに使うか分からない。副業クリエイターが2026年の正解を出す‼️
  🚫 [除外] AI基盤産業の次の主戦場は、モデル性能競争ではなく、「知能を安全に業務価値へ変換する産業」になる。そ
  🚫 [除外] AIツール多すぎて月1万円どこに使うか分からない。副業クリエイターが2026年の正解を出す‼️
  🚫 [除外] AI基盤産業の次の主戦場は、モデル性能競争ではなく、「知能を安全に業務価値へ変換する産業」になる。そ
  → APIフェッチ: sort=like page=1
  → APIフェッチ: sort=like page=2
  → [like] 40件取得
  → 35秒待機...

[7/50] Noteweave（note:0件）
  → hot + like モード（現在0件）
  → APIフェッチ: sort=hot page=1
  → [hot] 0件取得
  → APIフェッチ: sort=like page=1
  → [like] 0件取得
  → 35秒待機...

[8/50] Rowboat（note:0件）
  → hot + like モード（現在0件）
  → APIフェッチ: sort=hot page=1
  → APIフェッチ: sort=hot page=2
  → [hot] 40件取得
  → APIフェッチ: sort=like page=1
  → APIフェッチ: sort=like page=2
  → [like] 40件取得
  → 35秒待機...

[9/50] ShioriCode（note:0件）
  → hot + like モード（現在0件）
  → APIフェッチ: sort=hot page=1
  → [hot] 0件取得
  → APIフェッチ: sort=like page=1
  → [like] 0件取得
  → 35秒待機...

[10/50] Enjo（note:0件）
  → hot + like モード（現在0件）
  → APIフェッチ: sort=hot page=1
  → APIフェッチ: sort=hot page=2
  → [hot] 40件取得
  → APIフェッチ: sort=like page=1
  → APIフェッチ: sort=like page=2
  → [like] 40件取得
  → 35秒待機...

[11/50] Yeta AI（note:0件）
  → hot + like モード（現在0件）
  → APIフェッチ: sort=hot page=1
  → APIフェッチ: sort=hot page=2
  → [hot] 40件取得
  → APIフェッチ: sort=like page=1
  → APIフェッチ: sort=like page=2
  → [like] 40件取得
  → 35秒待機...

[12/50] nRev（note:0件）
  → hot + like モード（現在0件）
  → APIフェッチ: sort=hot page=1
  → APIフェッチ: sort=hot page=2
  → [hot] 40件取得
  → APIフェッチ: sort=like page=1
  → APIフェッチ: sort=like page=2
  → [like] 40件取得
  → 35秒待機...

[13/50] Amotions AI（note:0件）
  → hot + like モード（現在0件）
  → APIフェッチ: sort=hot page=1
  → [hot] 2件取得
  → APIフェッチ: sort=like page=1
  → [like] 2件取得
  → 35秒待機...

[14/50] dodocs（note:0件）
  → hot + like モード（現在0件）
  → APIフェッチ: sort=hot page=1
  → [hot] 0件取得
  → APIフェッチ: sort=like page=1
  → [like] 0件取得
  → 35秒待機...

[15/50] Cleo（note:0件）
  → hot + like モード（現在0件）
  → APIフェッチ: sort=hot page=1
  → APIフェッチ: sort=hot page=2
  → [hot] 40件取得
  → APIフェッチ: sort=like page=1
  → APIフェッチ: sort=like page=2
  → [like] 40件取得
  → 35秒待機...

[16/50] Espa（note:0件）
  → hot + like モード（現在0件）
  → APIフェッチ: sort=hot page=1
  → APIフェッチ: sort=hot page=2
  → [hot] 40件取得
  → APIフェッチ: sort=like page=1
  → APIフェッチ: sort=like page=2
  → [like] 40件取得
  🚫 [除外] 【海外版note・Substackで世界に発信する前に、知らないと数百万損する「言語と市場」の不思議
  🚫 [除外] 【海外版note・Substackで世界に発信する前に、知らないと数百万損する「言語と市場」の不思議
  → 35秒待機...

[17/50] StoreClaw（note:0件）
  → hot + like モード（現在0件）
  → APIフェッチ: sort=hot page=1
  → [hot] 1件取得
  → APIフェッチ: sort=like page=1
  → [like] 1件取得
  → 35秒待機...

[18/50] KushoAI（note:0件）
  → hot + like モード（現在0件）
  → APIフェッチ: sort=hot page=1
  → [hot] 0件取得
  → APIフェッチ: sort=like page=1
  → [like] 0件取得
  → 35秒待機...

[19/50] Owlish（note:0件）
  → hot + like モード（現在0件）
  → APIフェッチ: sort=hot page=1
  → [hot] 14件取得
  → APIフェッチ: sort=like page=1
  → [like] 14件取得
  → 35秒待機...

[20/50] iOrchestra（note:0件）
  → hot + like モード（現在0件）
  → APIフェッチ: sort=hot page=1
  → APIフェッチ: sort=hot page=2
  → [hot] 40件取得
  → APIフェッチ: sort=like page=1
  → APIフェッチ: sort=like page=2
  → [like] 40件取得
  → 35秒待機...

[21/50] CaseGap AI（note:0件）
  → hot + like モード（現在0件）
  → APIフェッチ: sort=hot page=1
  → [hot] 0件取得
  → APIフェッチ: sort=like page=1
  → [like] 0件取得
  → 35秒待機...

[22/50] Bruin（note:0件）
  → hot + like モード（現在0件）
  → APIフェッチ: sort=hot page=1
  → APIフェッチ: sort=hot page=2
  → [hot] 40件取得
  → APIフェッチ: sort=like page=1
  → APIフェッチ: sort=like page=2
  → [like] 40件取得
  → 35秒待機...

[23/50] Basedash（note:0件）
  → hot + like モード（現在0件）
  → APIフェッチ: sort=hot page=1
  → [hot] 19件取得
  → APIフェッチ: sort=like page=1
  → [like] 19件取得
  → 35秒待機...

[24/50] Replit（note:0件）
  → hot + like モード（現在0件）
  → APIフェッチ: sort=hot page=1
  → APIフェッチ: sort=hot page=2
  → [hot] 40件取得
  🚫 [除外] 日本で今すぐ始められるAI副業アイデア20選【2026年版・初心者OK】
  🚫 [除外] 日本で今すぐ始められるAI副業アイデア20選【2026年版・初心者OK】
  → APIフェッチ: sort=like page=1
  → APIフェッチ: sort=like page=2
  → [like] 40件取得
  → 35秒待機...

[25/50] WeWeb（note:0件）
  → hot + like モード（現在0件）
  → APIフェッチ: sort=hot page=1
  → [hot] 12件取得
  → APIフェッチ: sort=like page=1
  → [like] 12件取得
  → 35秒待機...

[26/50] Seleqt（note:0件）
  → hot + like モード（現在0件）
  → APIフェッチ: sort=hot page=1
  → [hot] 3件取得
  → APIフェッチ: sort=like page=1
  → [like] 3件取得
  → 35秒待機...

[27/50] Dialfyne（note:0件）
  → hot + like モード（現在0件）
  → APIフェッチ: sort=hot page=1
  → [hot] 0件取得
  → APIフェッチ: sort=like page=1
  → [like] 0件取得
  → 35秒待機...

[28/50] COMPAMIR（note:0件）
  → hot + like モード（現在0件）
  → APIフェッチ: sort=hot page=1
  → [hot] 0件取得
  → APIフェッチ: sort=like page=1
  → [like] 0件取得
  → 35秒待機...

[29/50] ZipTier（note:0件）
  → hot + like モード（現在0件）
  → APIフェッチ: sort=hot page=1
  → [hot] 0件取得
  → APIフェッチ: sort=like page=1
  → [like] 0件取得
  → 35秒待機...

[30/50] Mixpanel（note:0件）
  → hot + like モード（現在0件）
  → APIフェッチ: sort=hot page=1
  → APIフェッチ: sort=hot page=2
  → [hot] 40件取得
  → APIフェッチ: sort=like page=1
  → APIフェッチ: sort=like page=2
  → [like] 40件取得
  → 35秒待機...

[31/50] Super Benji（note:0件）
  → hot + like モード（現在0件）
  → APIフェッチ: sort=hot page=1
  → APIフェッチ: sort=hot page=2
  → [hot] 40件取得
  → APIフェッチ: sort=like page=1
  → APIフェッチ: sort=like page=2
  → [like] 40件取得
  → 35秒待機...

[32/50] IceSume（note:0件）
  → hot + like モード（現在0件）
  → APIフェッチ: sort=hot page=1
  → [hot] 0件取得
  → APIフェッチ: sort=like page=1
  → [like] 0件取得
  → 35秒待機...

[33/50] PortfoliQa（note:0件）
  → hot + like モード（現在0件）
  → APIフェッチ: sort=hot page=1
  → [hot] 0件取得
  → APIフェッチ: sort=like page=1
  → [like] 0件取得
  → 35秒待機...

[34/50] AI FrontDesk（note:0件）
  → hot + like モード（現在0件）
  → APIフェッチ: sort=hot page=1
  → [hot] 8件取得
  → APIフェッチ: sort=like page=1
  → [like] 8件取得
  → 35秒待機...

[35/50] Curo（note:0件）
  → hot + like モード（現在0件）
  → APIフェッチ: sort=hot page=1
  → APIフェッチ: sort=hot page=2
  → [hot] 40件取得
  → APIフェッチ: sort=like page=1
  → APIフェッチ: sort=like page=2
  → [like] 40件取得
  → 35秒待機...

[36/50] Nugget AI（note:0件）
  → hot + like モード（現在0件）
  → APIフェッチ: sort=hot page=1
  → APIフェッチ: sort=hot page=2
  → [hot] 40件取得
  → APIフェッチ: sort=like page=1
  → APIフェッチ: sort=like page=2
  → [like] 40件取得
  → 35秒待機...

[37/50] Unscreen.io（note:0件）
  → hot + like モード（現在0件）
  → APIフェッチ: sort=hot page=1
  → [hot] 0件取得
  → APIフェッチ: sort=like page=1
  → [like] 0件取得
  → 35秒待機...

[38/50] Aisty（note:0件）
  → hot + like モード（現在0件）
  → APIフェッチ: sort=hot page=1
  → APIフェッチ: sort=hot page=2
  → [hot] 40件取得
  → APIフェッチ: sort=like page=1
  → APIフェッチ: sort=like page=2
  → [like] 40件取得
  → 35秒待機...

[39/50] Superlemon（note:0件）
  → hot + like モード（現在0件）
  → APIフェッチ: sort=hot page=1
  → [hot] 3件取得
  → APIフェッチ: sort=like page=1
  → [like] 3件取得
  → 35秒待機...

[40/50] motionvid.ai（note:0件）
  → hot + like モード（現在0件）
  → APIフェッチ: sort=hot page=1
  → [hot] 2件取得
  → APIフェッチ: sort=like page=1
  → [like] 2件取得
  → 35秒待機...

[41/50] Bayescore（note:0件）
  → hot + like モード（現在0件）
  → APIフェッチ: sort=hot page=1
  → [hot] 0件取得
  → APIフェッチ: sort=like page=1
  → [like] 0件取得
  → 35秒待機...

[42/50] Aristo（note:0件）
  → hot + like モード（現在0件）
  → APIフェッチ: sort=hot page=1
  → APIフェッチ: sort=hot page=2
  → [hot] 40件取得
  🚫 [除外] 古代ギリシャに学ぶ、「自分の強み」を育てる副業戦略
  🚫 [除外] 古代ギリシャに学ぶ、「自分の強み」を育てる副業戦略
  → APIフェッチ: sort=like page=1
  → APIフェッチ: sort=like page=2
  → [like] 40件取得
  → 35秒待機...

[43/50] DecisionBox（note:0件）
  → hot + like モード（現在0件）
  → APIフェッチ: sort=hot page=1
  → [hot] 0件取得
  → APIフェッチ: sort=like page=1
  → [like] 0件取得
  → 35秒待機...

[44/50] RepBud（note:0件）
  → hot + like モード（現在0件）
  → APIフェッチ: sort=hot page=1
  → [hot] 0件取得
  → APIフェッチ: sort=like page=1
  → [like] 0件取得
  → 35秒待機...

[45/50] Ertas（note:0件）
  → hot + like モード（現在0件）
  → APIフェッチ: sort=hot page=1
  → APIフェッチ: sort=hot page=2
  → [hot] 40件取得
  → APIフェッチ: sort=like page=1
  → APIフェッチ: sort=like page=2
  → [like] 40件取得
  → 35秒待機...

[46/50] UnboundAI（note:0件）
  → hot + like モード（現在0件）
  → APIフェッチ: sort=hot page=1
  → [hot] 0件取得
  → APIフェッチ: sort=like page=1
  → [like] 0件取得
  → 35秒待機...

[47/50] CourseGuard AI（note:0件）
  → hot + like モード（現在0件）
  → APIフェッチ: sort=hot page=1
  → [hot] 0件取得
  → APIフェッチ: sort=like page=1
  → [like] 0件取得
  → 35秒待機...

[48/50] GB1（note:0件）
  → hot + like モード（現在0件）
  → APIフェッチ: sort=hot page=1
  → APIフェッチ: sort=hot page=2
  → [hot] 40件取得
  ✅ [hot] ローカルAIデジタルヒューマンをDGX Spark(GB10) 1台に押し込んだ
  → APIフェッチ: sort=like page=1
  → APIフェッチ: sort=like page=2
  → [like] 40件取得
  → 35秒待機...

[49/50] Pack your bags（note:0件）
  → hot + like モード（現在0件）
  → APIフェッチ: sort=hot page=1
  → APIフェッチ: sort=hot page=2
  → [hot] 40件取得
  → APIフェッチ: sort=like page=1
  → APIフェッチ: sort=like page=2
  → [like] 40件取得
  → 35秒待機...

[50/50] Command A+（note:0件）
  → hot + like モード（現在0件）
  → APIフェッチ: sort=hot page=1
  → APIフェッチ: sort=hot page=2
  → [hot] 40件取得
  → APIフェッチ: sort=like page=1
  → APIフェッチ: sort=like page=2
  → [like] 40件取得

========== 結果 ==========
  ✅ 保存: 1件
  🔄 処理ツール: 50件
