🚀 AI Chronicle - Note記事いいね数更新（カーソル方式）開始
  → ユニークURL: 351件
  → カーソル位置: 271件目から開始

  ⏭️ [1/45] 変化なし: n3de9f43ebae1 (12)
  ⏱️ 11秒待機...
  ✅ [2/45] n7a7ccc95a657: 288 → 293（3件）
  ⏱️ 11秒待機...
  ✅ [3/45] na14a68a0e27b: 175 → 179
  ⏱️ 16秒待機...
  ✅ [4/45] nfbb28ba03666: 114 → 118（3件）
  ⏱️ 16秒待機...
  ✅ [5/45] na1cfa8072d3b: 247 → 246（3件）
  ⏱️ 16秒待機...
  ✅ [6/45] n153ce96ab685: 155 → 158
  ⏱️ 3秒待機...
  ✅ [7/45] n5b874d890a18: 51 → 53
  ⏱️ 8秒待機...
  ✅ [8/45] n1495186ab8b8: 48 → 49
  ⏱️ 8秒待機...
  ✅ [9/45] n5157b1a84a4f: 149 → 151
  ⏱️ 8秒待機...
  ✅ [10/45] na2ca9a1ff106: 36 → 37
  ⏱️ 11秒待機...
  ✅ [11/45] nc52d287cfed3: 773 → 788
  ⏱️ 16秒待機...
  ⏭️ [12/45] 変化なし: nf6e16e875ce7 (406)
  ⏱️ 16秒待機...
  ✅ [13/45] nf6dbab97eb3b: 171 → 178
  ⏱️ 3秒待機...
  ✅ [14/45] n7d365bce147a: 117 → 118
  ⏱️ 11秒待機...
  ✅ [15/45] n2e2057ff127c: 385 → 391
  ⏱️ 11秒待機...
  ✅ [16/45] n1d5b533eff07: 122 → 124
  ⏱️ 3秒待機...
  ⏭️ [17/45] 変化なし: n9497513e14a6 (5)
  ⏱️ 11秒待機...
  ⏭️ [18/45] 変化なし: nc9b63dd3919e (4)
  ⏱️ 3秒待機...
  ⏭️ [19/45] 変化なし: ne62239c48d9b (2)
  ⏱️ 16秒待機...
  ⏭️ [20/45] 変化なし: n982b3188464a (12)
  ⏱️ 11秒待機...
  ⏭️ [21/45] 変化なし: n92a99d77427c (21)
  ⏱️ 8秒待機...
  ✅ [22/45] nfa494c780c63: 621 → 625
  ⏱️ 8秒待機...
  ✅ [23/45] n8bccb5e16746: 26 → 28
  ⏱️ 8秒待機...
  ⏭️ [24/45] 変化なし: na6f9fbab61f8 (12)
  ⏱️ 16秒待機...
  ⏭️ [25/45] 変化なし: ne11d1759440f (3)
  ⏱️ 11秒待機...
  ✅ [26/45] n11323ffeb559: 14 → 18
  ⏱️ 16秒待機...
  ⏭️ [27/45] 変化なし: nc94ecd0b36d7 (5)
  ⏱️ 11秒待機...
  ⏭️ [28/45] 変化なし: nb5cff7b64940 (5)
  ⏱️ 8秒待機...
  ✅ [29/45] n75287c3407f0: 13 → 15
  ⏱️ 11秒待機...
  ⏭️ [30/45] 変化なし: nea355bd67dc1 (1)
  ⏱️ 11秒待機...
  ⏭️ [31/45] 変化なし: nebe280303676 (4)
  ⏱️ 8秒待機...
  ✅ [32/45] n6a4aaa0dca39: 44 → 50
  ⏱️ 11秒待機...
  ⏭️ [33/45] 変化なし: n6fb6c5a394bd (7)
  ⏱️ 3秒待機...
  ✅ [34/45] ndba544e83e76: 20 → 22
  ⏱️ 11秒待機...
  ⏭️ [35/45] 変化なし: n46e7983fa7f5 (11)
  ⏱️ 16秒待機...
  ⏭️ [36/45] 変化なし: n07553c505b1e (7)
  ⏱️ 16秒待機...
  ⏭️ [37/45] 変化なし: n0298a0af6873 (7)
  ⏱️ 8秒待機...
  ⏭️ [38/45] 変化なし: nbf44570a8330 (5)
  ⏱️ 3秒待機...
  ✅ [39/45] ndd4812a5aa1f: 4 → 5
  ⏱️ 8秒待機...
  ✅ [40/45] nb31ae20de0f5: 4 → 5
  ⏱️ 8秒待機...
  ✅ [41/45] nc9532848a4fc: 12 → 19
  ⏱️ 3秒待機...
  ✅ [42/45] n976aae39822e: 186 → 206
  ⏱️ 3秒待機...
  ⏭️ [43/45] 変化なし: nd102f9fbac7e (14)
  ⏱️ 3秒待機...
  ✅ [44/45] n4a3bb0f82277: 12 → 13
  ⏱️ 16秒待機...
  ✅ [45/45] nd72760f6dfc1: 50 → 51

========== 結果 ==========
  ✅ 更新: 26件
  ⏭️ 変化なし: 19件
  ❌ エラー: 0件
  🗑️ 削除（404）: 0件
  📍 次回開始位置: 316件目
===========================

